# JRE version: OpenJDK Runtime Environment (21.0.5) (build 21.0.5+-12932927-b750.29)
# Java VM: OpenJDK 64-Bit Server VM (21.0.5+-12932927-b750.29, mixed mode, tiered, compressed oops, compressed class ptrs, g1 gc, windows-amd64)
GC Precious Log:
 CardTable entry size: 512
 Card Set container configuration: InlinePtr #cards 5 size 8 Array Of Cards #cards 12 size 40 Howl #buckets 4 coarsen threshold 1843 Howl Bitmap #cards 512 size 80 coarsen threshold 460 Card regions per heap region 1 cards per card region 2048
 CPUs: 8 total, 8 available
 Memory: 8083M
 Large Page Support: Disabled
 NUMA Support: Disabled
 Compressed Oops: Enabled (32-bit)
 Heap Region Size: 1M
 Heap Min Capacity: 8M
 Heap Initial Capacity: 128M
 Heap Max Capacity: 2G
 Pre-touch: Disabled
 Parallel Workers: 8
 Concurrent Workers: 2
 Concurrent Refinement Workers: 8
 Periodic GC: Disabled
Heap:
 garbage-first heap   total 434176K, used 231456K [0x0000000080000000, 0x0000000100000000)
  region size 1024K, 106 young (108544K), 5 survivors (5120K)
 Metaspace       used 192346K, committed 196800K, reserved 1245184K
  class space    used 23545K, committed 25408K, reserved 1048576K
GC Heap History (20 events):
Event: 1869.177 GC heap before
{Heap before GC invocations=101 (full 0):
 garbage-first heap   total 427008K, used 417062K [0x0000000080000000, 0x0000000100000000)
  region size 1024K, 250 young (256000K), 10 survivors (10240K)
 Metaspace       used 193625K, committed 196288K, reserved 1245184K
  class space    used 24012K, committed 25344K, reserved 1048576K
}
Event: 1869.189 GC heap after
{Heap after GC invocations=102 (full 0):
 garbage-first heap   total 432128K, used 126309K [0x0000000080000000, 0x0000000100000000)
  region size 1024K, 12 young (12288K), 12 survivors (12288K)
 Metaspace       used 193625K, committed 196288K, reserved 1245184K
  class space    used 24012K, committed 25344K, reserved 1048576K
}
Event: 1915.470 GC heap before
{Heap before GC invocations=102 (full 0):
 garbage-first heap   total 432128K, used 416101K [0x0000000080000000, 0x0000000100000000)
  region size 1024K, 253 young (259072K), 12 survivors (12288K)
 Metaspace       used 193700K, committed 196352K, reserved 1245184K
  class space    used 24013K, committed 25344K, reserved 1048576K
}
Event: 1915.490 GC heap after
{Heap after GC invocations=103 (full 0):
 garbage-first heap   total 432128K, used 115383K [0x0000000080000000, 0x0000000100000000)
  region size 1024K, 3 young (3072K), 3 survivors (3072K)
 Metaspace       used 193700K, committed 196352K, reserved 1245184K
  class space    used 24013K, committed 25344K, reserved 1048576K
}
Event: 1915.754 GC heap before
{Heap before GC invocations=103 (full 0):
 garbage-first heap   total 432128K, used 183991K [0x0000000080000000, 0x0000000100000000)
  region size 1024K, 72 young (73728K), 3 survivors (3072K)
 Metaspace       used 193734K, committed 196416K, reserved 1245184K
  class space    used 24013K, committed 25344K, reserved 1048576K
}
Event: 1915.765 GC heap after
{Heap after GC invocations=104 (full 0):
 garbage-first heap   total 432128K, used 122077K [0x0000000080000000, 0x0000000100000000)
  region size 1024K, 9 young (9216K), 9 survivors (9216K)
 Metaspace       used 193734K, committed 196416K, reserved 1245184K
  class space    used 24013K, committed 25344K, reserved 1048576K
}
Event: 1967.457 GC heap before
{Heap before GC invocations=105 (full 0):
 garbage-first heap   total 432128K, used 419037K [0x0000000080000000, 0x0000000100000000)
  region size 1024K, 253 young (259072K), 9 survivors (9216K)
 Metaspace       used 193815K, committed 196480K, reserved 1245184K
  class space    used 24014K, committed 25344K, reserved 1048576K
}
Event: 1967.546 GC heap after
{Heap after GC invocations=106 (full 0):
 garbage-first heap   total 434176K, used 125740K [0x0000000080000000, 0x0000000100000000)
  region size 1024K, 13 young (13312K), 13 survivors (13312K)
 Metaspace       used 193815K, committed 196480K, reserved 1245184K
  class space    used 24014K, committed 25344K, reserved 1048576K
}
Event: 2038.742 GC heap before
{Heap before GC invocations=106 (full 0):
 garbage-first heap   total 434176K, used 415532K [0x0000000080000000, 0x0000000100000000)
  region size 1024K, 254 young (260096K), 13 survivors (13312K)
 Metaspace       used 193922K, committed 196672K, reserved 1245184K
  class space    used 24018K, committed 25408K, reserved 1048576K
}
Event: 2038.843 GC heap after
{Heap after GC invocations=107 (full 0):
 garbage-first heap   total 434176K, used 113998K [0x0000000080000000, 0x0000000100000000)
  region size 1024K, 3 young (3072K), 3 survivors (3072K)
 Metaspace       used 193922K, committed 196672K, reserved 1245184K
  class space    used 24018K, committed 25408K, reserved 1048576K
}
Event: 2039.499 GC heap before
{Heap before GC invocations=107 (full 0):
 garbage-first heap   total 434176K, used 181582K [0x0000000080000000, 0x0000000100000000)
  region size 1024K, 71 young (72704K), 3 survivors (3072K)
 Metaspace       used 194040K, committed 196736K, reserved 1245184K
  class space    used 24035K, committed 25408K, reserved 1048576K
}
Event: 2039.531 GC heap after
{Heap after GC invocations=108 (full 0):
 garbage-first heap   total 434176K, used 120479K [0x0000000080000000, 0x0000000100000000)
  region size 1024K, 9 young (9216K), 9 survivors (9216K)
 Metaspace       used 194040K, committed 196736K, reserved 1245184K
  class space    used 24035K, committed 25408K, reserved 1048576K
}
Event: 2073.472 GC heap before
{Heap before GC invocations=109 (full 0):
 garbage-first heap   total 434176K, used 418463K [0x0000000080000000, 0x0000000100000000)
  region size 1024K, 254 young (260096K), 9 survivors (9216K)
 Metaspace       used 191762K, committed 196736K, reserved 1245184K
  class space    used 23475K, committed 25408K, reserved 1048576K
}
Event: 2073.534 GC heap after
{Heap after GC invocations=110 (full 0):
 garbage-first heap   total 434176K, used 122785K [0x0000000080000000, 0x0000000100000000)
  region size 1024K, 11 young (11264K), 11 survivors (11264K)
 Metaspace       used 191762K, committed 196736K, reserved 1245184K
  class space    used 23475K, committed 25408K, reserved 1048576K
}
Event: 2100.078 GC heap before
{Heap before GC invocations=110 (full 0):
 garbage-first heap   total 434176K, used 388001K [0x0000000080000000, 0x0000000100000000)
  region size 1024K, 254 young (260096K), 11 survivors (11264K)
 Metaspace       used 192210K, committed 196800K, reserved 1245184K
  class space    used 23545K, committed 25408K, reserved 1048576K
}
Event: 2100.132 GC heap after
{Heap after GC invocations=111 (full 0):
 garbage-first heap   total 434176K, used 119292K [0x0000000080000000, 0x0000000100000000)
  region size 1024K, 12 young (12288K), 12 survivors (12288K)
 Metaspace       used 192210K, committed 196800K, reserved 1245184K
  class space    used 23545K, committed 25408K, reserved 1048576K
}
Event: 2103.433 GC heap before
{Heap before GC invocations=111 (full 0):
 garbage-first heap   total 434176K, used 176636K [0x0000000080000000, 0x0000000100000000)
  region size 1024K, 70 young (71680K), 12 survivors (12288K)
 Metaspace       used 192212K, committed 196800K, reserved 1245184K
  class space    used 23545K, committed 25408K, reserved 1048576K
}
Event: 2103.461 GC heap after
{Heap after GC invocations=112 (full 0):
 garbage-first heap   total 434176K, used 122371K [0x0000000080000000, 0x0000000100000000)
  region size 1024K, 15 young (15360K), 15 survivors (15360K)
 Metaspace       used 192212K, committed 196800K, reserved 1245184K
  class space    used 23545K, committed 25408K, reserved 1048576K
}
Event: 2227.706 GC heap before
{Heap before GC invocations=113 (full 0):
 garbage-first heap   total 434176K, used 410115K [0x0000000080000000, 0x0000000100000000)
  region size 1024K, 254 young (260096K), 15 survivors (15360K)
 Metaspace       used 192312K, committed 196800K, reserved 1245184K
  class space    used 23545K, committed 25408K, reserved 1048576K
}
Event: 2227.735 GC heap after
{Heap after GC invocations=114 (full 0):
 garbage-first heap   total 434176K, used 112672K [0x0000000080000000, 0x0000000100000000)
  region size 1024K, 5 young (5120K), 5 survivors (5120K)
 Metaspace       used 192312K, committed 196800K, reserved 1245184K
  class space    used 23545K, committed 25408K, reserved 1048576K
}

